
Showing logs for build [32mtm-project-code-environment-pro-7tpsf-3[0m stage [32mfrom-build-pack[0m and container [32mstep-credential-initializer-fggqx[0m
{"level":"warn","ts":1586332101.0978684,"logger":"fallback-logger","caller":"logging/config.go:69","msg":"Fetch GitHub commit ID from kodata failed: \"ref: refs/heads/0.8.0-**-support-backwards-incompats\" is not a valid GitHub commit ID"}
{"level":"info","ts":1586332101.0983176,"logger":"fallback-logger","caller":"creds-init/main.go:40","msg":"Credentials initialized."}

Showing logs for build [32mtm-project-code-environment-pro-7tpsf-3[0m stage [32mfrom-build-pack[0m and container [32mstep-working-dir-initializer-gvm2c[0m
{"level":"warn","ts":1586332102.106357,"logger":"fallback-logger","caller":"logging/config.go:69","msg":"Fetch GitHub commit ID from kodata failed: open /var/run/ko/HEAD: no such file or directory"}
{"level":"info","ts":1586332102.1075985,"logger":"fallback-logger","caller":"bash/main.go:64","msg":"Successfully executed command \"sh -c mkdir -p /workspace/source\"; output "}

Showing logs for build [32mtm-project-code-environment-pro-7tpsf-3[0m stage [32mfrom-build-pack[0m and container [32mstep-place-tools[0m

Showing logs for build [32mtm-project-code-environment-pro-7tpsf-3[0m stage [32mfrom-build-pack[0m and container [32mstep-git-source-tm-project-code-environment-pro-7tpsf-t6sgf[0m
{"level":"warn","ts":1586332106.2713375,"logger":"fallback-logger","caller":"logging/config.go:69","msg":"Fetch GitHub commit ID from kodata failed: \"ref: refs/heads/0.8.0-**-support-backwards-incompats\" is not a valid GitHub commit ID"}
{"level":"info","ts":1586332107.2985454,"logger":"fallback-logger","caller":"git/git.go:103","msg":"Successfully cloned https://github.com/tm-project-code/environment-projectcode**-production.git @ v0.0.3 in path /workspace/source"}

Showing logs for build [32mtm-project-code-environment-pro-7tpsf-3[0m stage [32mfrom-build-pack[0m and container [32mstep-git-merge[0m
Using SHAs from PULL_REFS=master:c4dc149c58e9fb15ca8027f877c31ae0f54607a5
WARNING: no SHAs to merge, falling back to initial cloned commit

Showing logs for build [32mtm-project-code-environment-pro-7tpsf-3[0m stage [32mfrom-build-pack[0m and container [32mstep-setup-jx-git-credentials[0m
Generated Git credentials file /builder/home/git/credentials

Showing logs for build [32mtm-project-code-environment-pro-7tpsf-3[0m stage [32mfrom-build-pack[0m and container [32mstep-build-helm-apply[0m
Modified file /workspace/source/env/Chart.yaml to set the chart to version 3
creating the lock configmap **-lock-**-production
lock configmap **-lock-**-production created
Ignoring templates/.gitignore
Ignoring templates/wildcardcert-secret.yaml
WARNING: No $CHART_REPOSITORY defined so using the default value of: http://jenkins-x-chartmuseum:8080
Adding missing Helm repo: storage.googleapis.com https://storage.googleapis.com/chartmuseum.jenkins-x.io
Successfully added Helm repository storage.googleapis.com.
Adding missing Helm repo: jenkins-x-chartmuseum http://jenkins-x-chartmuseum:8080
Successfully added Helm repository jenkins-x-chartmuseum.
WARNING: No $CHART_REPOSITORY defined so using the default value of: http://jenkins-x-chartmuseum:8080
Adding missing Helm repo: chartmuseum.jenkins-x.io http://chartmuseum.jenkins-x.io
Successfully added Helm repository chartmuseum.jenkins-x.io.

service "python-ex2" deleted
deployment.apps "**-python-ex2" deleted
release.jenkins.io "python-ex2-0.0.1" deleted
cleaning the lock configmap **-lock-**-production
