
Showing logs for build [32mtm-project-code-environment-pro-v6fcd-1[0m stage [32mfrom-build-pack[0m and container [32mstep-credential-initializer-mg9nc[0m
{"level":"warn","ts":1586329513.347666,"logger":"fallback-logger","caller":"logging/config.go:69","msg":"Fetch GitHub commit ID from kodata failed: \"ref: refs/heads/0.8.0-**-support-backwards-incompats\" is not a valid GitHub commit ID"}
{"level":"info","ts":1586329513.3481443,"logger":"fallback-logger","caller":"creds-init/main.go:40","msg":"Credentials initialized."}

Showing logs for build [32mtm-project-code-environment-pro-v6fcd-1[0m stage [32mfrom-build-pack[0m and container [32mstep-working-dir-initializer-5vt74[0m
{"level":"warn","ts":1586329514.4185636,"logger":"fallback-logger","caller":"logging/config.go:69","msg":"Fetch GitHub commit ID from kodata failed: open /var/run/ko/HEAD: no such file or directory"}
{"level":"info","ts":1586329514.4197857,"logger":"fallback-logger","caller":"bash/main.go:64","msg":"Successfully executed command \"sh -c mkdir -p /workspace/source\"; output "}

Showing logs for build [32mtm-project-code-environment-pro-v6fcd-1[0m stage [32mfrom-build-pack[0m and container [32mstep-place-tools[0m

Showing logs for build [32mtm-project-code-environment-pro-v6fcd-1[0m stage [32mfrom-build-pack[0m and container [32mstep-git-source-tm-project-code-environment-pro-v6fcd-sc9g2[0m
{"level":"warn","ts":1586329519.4488776,"logger":"fallback-logger","caller":"logging/config.go:69","msg":"Fetch GitHub commit ID from kodata failed: \"ref: refs/heads/0.8.0-**-support-backwards-incompats\" is not a valid GitHub commit ID"}
{"level":"info","ts":1586329520.4555244,"logger":"fallback-logger","caller":"git/git.go:103","msg":"Successfully cloned https://github.com/tm-project-code/environment-projectcode**-production.git @ master in path /workspace/source"}

Showing logs for build [32mtm-project-code-environment-pro-v6fcd-1[0m stage [32mfrom-build-pack[0m and container [32mstep-git-merge[0m
Using SHAs from PULL_REFS=master:c2458b65ddce5ab110944b63986009398485781f,2:1cb87d10bbda2edb1c4b642df04810e7d09ede2b
DEBUG: LC_ALL=C JX_LOG_LEVEL=error git fetch origin --unshallow 1cb87d10bbda2edb1c4b642df04810e7d09ede2b: c2458b65ddce5ab110944b63986009398485781f:
DEBUG: ran git fetch --unshallow origin 1cb87d10bbda2edb1c4b642df04810e7d09ede2b: c2458b65ddce5ab110944b63986009398485781f: in 
DEBUG: JX_LOG_LEVEL=error LC_ALL=C git branch
DEBUG: LC_ALL=C JX_LOG_LEVEL=error git checkout master
DEBUG: ran git checkout master in 
DEBUG: LC_ALL=C JX_LOG_LEVEL=error git reset --hard c2458b65ddce5ab110944b63986009398485781f
DEBUG: ran git reset --hard c2458b65ddce5ab110944b63986009398485781f in 
DEBUG: LC_ALL=C JX_LOG_LEVEL=error git clean -fd .
DEBUG: ran clean --force -d . in 
DEBUG: LC_ALL=C JX_LOG_LEVEL=error git merge 1cb87d10bbda2edb1c4b642df04810e7d09ede2b
DEBUG: ran git merge 1cb87d10bbda2edb1c4b642df04810e7d09ede2b in 
DEBUG: LC_ALL=C JX_LOG_LEVEL=error git log --format=%H%x1f%an%x1f%ae%x1f%cn%x1f%ce%x1f%s%n%b%x1e c2458b65ddce5ab110944b63986009398485781f..HEAD
Merged SHA 1cb87d10bbda2edb1c4b642df04810e7d09ede2b with commit message 'chore: Promote python-ex2 to version 0.0.1' into base branch master

Showing logs for build [32mtm-project-code-environment-pro-v6fcd-1[0m stage [32mfrom-build-pack[0m and container [32mstep-build-helm-build[0m
WARNING: No $CHART_REPOSITORY defined so using the default value of: http://jenkins-x-chartmuseum:8080
Adding missing Helm repo: storage.googleapis.com https://storage.googleapis.com/chartmuseum.jenkins-x.io
Successfully added Helm repository storage.googleapis.com.
Adding missing Helm repo: jenkins-x-chartmuseum http://jenkins-x-chartmuseum:8080
Successfully added Helm repository jenkins-x-chartmuseum.
WARNING: No $CHART_REPOSITORY defined so using the default value of: http://jenkins-x-chartmuseum:8080
Adding missing Helm repo: chartmuseum.jenkins-x.io http://chartmuseum.jenkins-x.io
Successfully added Helm repository chartmuseum.jenkins-x.io.
